0 info it worked if it ends with ok
1 verbose cli [ 'C:\\Program Files\\nodejs\\node.exe',
1 verbose cli   'C:\\Program Files\\nodejs\\node_modules\\npm\\bin\\npm-cli.js',
1 verbose cli   'run',
1 verbose cli   'serve' ]
2 info using npm@3.10.10
3 info using node@v6.10.1
4 verbose run-script [ 'preserve', 'serve', 'postserve' ]
5 info lifecycle blog@1.0.0~preserve: blog@1.0.0
6 silly lifecycle blog@1.0.0~preserve: no script for preserve, continuing
7 info lifecycle blog@1.0.0~serve: blog@1.0.0
8 verbose lifecycle blog@1.0.0~serve: unsafe-perm in lifecycle true
9 verbose lifecycle blog@1.0.0~serve: PATH: C:\Users\Jerome\AppData\Roaming\nvm\v4.4.0\node_modules\npm\bin\node-gyp-bin;C:\Users\Jerome\Sweetlyn\Blog\node_modules\.bin;C:\ProgramData\Oracle\Java\javapath;C:\Program Files\Common Files\Microsoft Shared\Windows Live;C:\Program Files (x86)\Common Files\Microsoft Shared\Windows Live;C:\WINDOWS\system32;C:\WINDOWS;C:\WINDOWS\System32\Wbem;C:\WINDOWS\System32\WindowsPowerShell\v1.0\;C:\Program Files (x86)\Windows Live\Shared;C:\Program Files (x86)\Common Files\Roxio Shared\DLLShared\;C:\Program Files (x86)\Common Files\Roxio Shared\OEM\DLLShared\;C:\Program Files (x86)\Common Files\Roxio Shared\OEM\12.0\DLLShared\;C:\Program Files (x86)\Roxio\OEM\AudioCore\;C:\Program Files (x86)\PharosSystems\Core;C:\Python27;C:\Python27\Scripts;C:\Program Files\Intel\WiFi\bin\;C:\Program Files\Common Files\Intel\WirelessCommon\;C:\Program Files\Microsoft SQL Server\110\Tools\Binn\;C:\Program Files\Microsoft\Web Platform Installer\;C:\Program Files (x86)\Microsoft ASP.NET\ASP.NET Web Pages\v1.0\;C:\Program Files (x86)\Windows Kits\8.0\Windows Performance Toolkit\;C:\Program Files (x86)\Heroku\bin;C:\Program Files (x86)\git\cmd;C:\Heroku\bin;C:\MongoDb\bin;C:\Users\Jerome\AppData\Roaming\nvm;C:\Program Files\nodejs;C:\Program Files (x86)\Git\cmd;C:\Program Files\Sublime Text 3;C:\Program Files\nodejs\;C:\Program Files (x86)\Brackets\command;C:\Program Files\Intel\WiFi\bin\;C:\Program Files\Common Files\Intel\WirelessCommon\;C:\Users\Jerome\AppData\Local\atom\bin;C:\Users\Jerome\AppData\Roaming\nvm;C:\Program Files\nodejs;C:\Users\Jerome\AppData\Local\Microsoft\WindowsApps;C:\Users\Jerome\AppData\Roaming\npm;C:\Program Files (x86)\Microsoft VS Code\bin;
10 verbose lifecycle blog@1.0.0~serve: CWD: C:\Users\Jerome\Sweetlyn\Blog
11 silly lifecycle blog@1.0.0~serve: Args: [ '/d /s /c', 'nodemon server.js' ]
12 silly lifecycle blog@1.0.0~serve: Returned: code: 1  signal: null
13 info lifecycle blog@1.0.0~serve: Failed to exec serve script
14 verbose stack Error: blog@1.0.0 serve: `nodemon server.js`
14 verbose stack Exit status 1
14 verbose stack     at EventEmitter.<anonymous> (C:\Users\Jerome\AppData\Roaming\nvm\v4.4.0\node_modules\npm\lib\utils\lifecycle.js:255:16)
14 verbose stack     at emitTwo (events.js:106:13)
14 verbose stack     at EventEmitter.emit (events.js:191:7)
14 verbose stack     at ChildProcess.<anonymous> (C:\Users\Jerome\AppData\Roaming\nvm\v4.4.0\node_modules\npm\lib\utils\spawn.js:40:14)
14 verbose stack     at emitTwo (events.js:106:13)
14 verbose stack     at ChildProcess.emit (events.js:191:7)
14 verbose stack     at maybeClose (internal/child_process.js:886:16)
14 verbose stack     at Process.ChildProcess._handle.onexit (internal/child_process.js:226:5)
15 verbose pkgid blog@1.0.0
16 verbose cwd C:\Users\Jerome\Sweetlyn\Blog
17 error Windows_NT 10.0.15063
18 error argv "C:\\Program Files\\nodejs\\node.exe" "C:\\Program Files\\nodejs\\node_modules\\npm\\bin\\npm-cli.js" "run" "serve"
19 error node v6.10.1
20 error npm  v3.10.10
21 error code ELIFECYCLE
22 error blog@1.0.0 serve: `nodemon server.js`
22 error Exit status 1
23 error Failed at the blog@1.0.0 serve script 'nodemon server.js'.
23 error Make sure you have the latest version of node.js and npm installed.
23 error If you do, this is most likely a problem with the blog package,
23 error not with npm itself.
23 error Tell the author that this fails on your system:
23 error     nodemon server.js
23 error You can get information on how to open an issue for this project with:
23 error     npm bugs blog
23 error Or if that isn't available, you can get their info via:
23 error     npm owner ls blog
23 error There is likely additional logging output above.
24 verbose exit [ 1, true ]
